Start testing: Aug 31 09:10 UTC
----------------------------------------------------------
3/47 Testing: UT_CommandTypical
3/47 Test: UT_CommandTypical
Command: "/home/runner/work/MyIOC_inTDD_withGHC/MyIOC_inTDD_withGHC/build/Test/UT_CommandTypical"
Directory: /home/runner/work/MyIOC_inTDD_withGHC/MyIOC_inTDD_withGHC/build/Test
"UT_CommandTypical" start time: Aug 31 09:10 UTC
Output:
----------------------------------------------------------
Running main() from ./googletest/src/gtest_main.cc
[==========] Running 7 tests from 1 test suite.
[----------] Global test environment set-up.
[----------] 7 tests from UT_ConetCommandTypical
[ RUN      ] UT_ConetCommandTypical.verifyServiceAsCmdExecutor_bySingleClient_expectSynchronousResponse
[INFO] Service in manual accept mode, connection will wait for manual accept
[DEBUG IOC_execCMD] Entry: LinkID=1026
[DEBUG IOC_execCMD] Found src link: Usage=4
[DEBUG IOC_execCMD] Checking protocol methods: pMethods=0x55c254fa5e80
[DEBUG IOC_execCMD] OpExecCmd_F=0x55c254f496e0
[DEBUG IOC_execCMD] Using protocol-specific method
[DEBUG execCmd_ofProtoFifo] Entry
[DEBUG execCmd_ofProtoFifo] CmdUsageArgs: pCmdUsageArgs=0x7ffd534c9310, CbExecCmd_F=0x55c254f35280
[ERROR] Failed to get LinkObj by LinkID(1025)
[       OK ] UT_ConetCommandTypical.verifyServiceAsCmdExecutor_bySingleClient_expectSynchronousResponse (0 ms)
[ RUN      ] UT_ConetCommandTypical.verifyServiceAsCmdExecutor_byMultipleCommandTypes_expectProperExecution
[INFO] Service in manual accept mode, connection will wait for manual accept
[DEBUG IOC_execCMD] Entry: LinkID=1026
[DEBUG IOC_execCMD] Found src link: Usage=4
[DEBUG IOC_execCMD] Checking protocol methods: pMethods=0x55c254fa5e80
[DEBUG IOC_execCMD] OpExecCmd_F=0x55c254f496e0
[DEBUG IOC_execCMD] Using protocol-specific method
[DEBUG execCmd_ofProtoFifo] Entry
[DEBUG execCmd_ofProtoFifo] CmdUsageArgs: pCmdUsageArgs=0x7ffd534c9330, CbExecCmd_F=0x55c254f35280
[DEBUG IOC_execCMD] Entry: LinkID=1026
[DEBUG IOC_execCMD] Found src link: Usage=4
[DEBUG IOC_execCMD] Checking protocol methods: pMethods=0x55c254fa5e80
[DEBUG IOC_execCMD] OpExecCmd_F=0x55c254f496e0
[DEBUG IOC_execCMD] Using protocol-specific method
[DEBUG execCmd_ofProtoFifo] Entry
[DEBUG execCmd_ofProtoFifo] CmdUsageArgs: pCmdUsageArgs=0x7ffd534c9330, CbExecCmd_F=0x55c254f35280
[DEBUG IOC_execCMD] Entry: LinkID=1026
[DEBUG IOC_execCMD] Found src link: Usage=4
[DEBUG IOC_execCMD] Checking protocol methods: pMethods=0x55c254fa5e80
[DEBUG IOC_execCMD] OpExecCmd_F=0x55c254f496e0
[DEBUG IOC_execCMD] Using protocol-specific method
[DEBUG execCmd_ofProtoFifo] Entry
[DEBUG execCmd_ofProtoFifo] CmdUsageArgs: pCmdUsageArgs=0x7ffd534c9330, CbExecCmd_F=0x55c254f35280
[ERROR] Failed to get LinkObj by LinkID(1025)
[       OK ] UT_ConetCommandTypical.verifyServiceAsCmdExecutor_byMultipleCommandTypes_expectProperExecution (0 ms)
[ RUN      ] UT_ConetCommandTypical.verifyServiceAsCmdExecutor_byMultipleClients_expectIsolatedExecution
[INFO] Service in manual accept mode, connection will wait for manual accept
[INFO] Service in manual accept mode, connection will wait for manual accept
[INFO] Service in manual accept mode, connection will wait for manual accept
[DEBUG IOC_execCMD] Entry: LinkID=1025
[DEBUG IOC_execCMD] Found src link: Usage=4
[DEBUG IOC_execCMD] Checking protocol methods: pMethods=0x55c254fa5e80
[DEBUG IOC_execCMD] OpExecCmd_F=0x55c254f496e0
[DEBUG IOC_execCMD] Using protocol-specific method
[DEBUG execCmd_ofProtoFifo] Entry
[DEBUG execCmd_ofProtoFifo] CmdUsageArgs: pCmdUsageArgs=0x7ffd534c92f0, CbExecCmd_F=0x55c254f35280
[DEBUG IOC_execCMD] Entry: LinkID=1026
[DEBUG IOC_execCMD] Found src link: Usage=4
[DEBUG IOC_execCMD] Checking protocol methods: pMethods=0x55c254fa5e80
[DEBUG IOC_execCMD] OpExecCmd_F=0x55c254f496e0
[DEBUG IOC_execCMD] Using protocol-specific method
[DEBUG execCmd_ofProtoFifo] Entry
[DEBUG execCmd_ofProtoFifo] CmdUsageArgs: pCmdUsageArgs=0x7ffd534c92f0, CbExecCmd_F=0x55c254f35280
[DEBUG IOC_execCMD] Entry: LinkID=1027
[DEBUG IOC_execCMD] Found src link: Usage=4
[DEBUG IOC_execCMD] Checking protocol methods: pMethods=0x55c254fa5e80
[DEBUG IOC_execCMD] OpExecCmd_F=0x55c254f496e0
[DEBUG IOC_execCMD] Using protocol-specific method
[DEBUG execCmd_ofProtoFifo] Entry
[DEBUG execCmd_ofProtoFifo] CmdUsageArgs: pCmdUsageArgs=0x7ffd534c92f0, CbExecCmd_F=0x55c254f35280
[ERROR] Failed to get LinkObj by LinkID(1028)
[ERROR] Failed to get LinkObj by LinkID(1029)
[ERROR] Failed to get LinkObj by LinkID(1030)
[       OK ] UT_ConetCommandTypical.verifyServiceAsCmdExecutor_byMultipleClients_expectIsolatedExecution (0 ms)
[ RUN      ] UT_ConetCommandTypical.verifyServiceAsCmdInitiator_bySingleClient_expectClientExecution
[INFO] Service in manual accept mode, connection will wait for manual accept
[DEBUG IOC_execCMD] Entry: LinkID=1025
[DEBUG IOC_execCMD] Found src link: Usage=4
[DEBUG IOC_execCMD] Checking protocol methods: pMethods=0x55c254fa5e80
[DEBUG IOC_execCMD] OpExecCmd_F=0x55c254f496e0
[DEBUG IOC_execCMD] Using protocol-specific method
[DEBUG execCmd_ofProtoFifo] Entry
[DEBUG execCmd_ofProtoFifo] CmdUsageArgs: pCmdUsageArgs=0x7ffd534c9310, CbExecCmd_F=0x55c254f35280
[ERROR] Failed to get LinkObj by LinkID(1025)
[       OK ] UT_ConetCommandTypical.verifyServiceAsCmdInitiator_bySingleClient_expectClientExecution (0 ms)
[ RUN      ] UT_ConetCommandTypical.verifyServiceAsCmdExecutor_byTimeoutConstraints_expectProperTiming
[INFO] Service in manual accept mode, connection will wait for manual accept
[DEBUG IOC_execCMD] Entry: LinkID=1026
[DEBUG IOC_execCMD] Found src link: Usage=4
[DEBUG IOC_execCMD] Checking protocol methods: pMethods=0x55c254fa5e80
[DEBUG IOC_execCMD] OpExecCmd_F=0x55c254f496e0
[DEBUG IOC_execCMD] Using protocol-specific method
[DEBUG execCmd_ofProtoFifo] Entry
[DEBUG execCmd_ofProtoFifo] CmdUsageArgs: pCmdUsageArgs=0x7ffd534c9310, CbExecCmd_F=0x55c254f35280
[DEBUG IOC_execCMD] Entry: LinkID=1026
[DEBUG IOC_execCMD] Found src link: Usage=4
[DEBUG IOC_execCMD] Checking protocol methods: pMethods=0x55c254fa5e80
[DEBUG IOC_execCMD] OpExecCmd_F=0x55c254f496e0
[DEBUG IOC_execCMD] Using protocol-specific method
[DEBUG execCmd_ofProtoFifo] Entry
[DEBUG execCmd_ofProtoFifo] CmdUsageArgs: pCmdUsageArgs=0x7ffd534c9310, CbExecCmd_F=0x55c254f35280
[ERROR] Failed to get LinkObj by LinkID(1025)
[       OK ] UT_ConetCommandTypical.verifyServiceAsCmdExecutor_byTimeoutConstraints_expectProperTiming (500 ms)
[ RUN      ] UT_ConetCommandTypical.verifyServiceAsCmdInitiator_byMultipleClients_expectOrchestration
[INFO] Service in manual accept mode, connection will wait for manual accept
[INFO] Service in manual accept mode, connection will wait for manual accept
[INFO] Service in manual accept mode, connection will wait for manual accept
[DEBUG IOC_execCMD] Entry: LinkID=1025
[DEBUG IOC_execCMD] Found src link: Usage=4
[DEBUG IOC_execCMD] Checking protocol methods: pMethods=0x55c254fa5e80
[DEBUG IOC_execCMD] OpExecCmd_F=0x55c254f496e0
[DEBUG IOC_execCMD] Using protocol-specific method
[DEBUG execCmd_ofProtoFifo] Entry
[DEBUG execCmd_ofProtoFifo] CmdUsageArgs: pCmdUsageArgs=0x7fdaeaffddd0, CbExecCmd_F=0x55c254f35280
[DEBUG IOC_execCMD] Entry: LinkID=1027
[DEBUG IOC_execCMD] Found src link: Usage=4
[DEBUG IOC_execCMD] Checking protocol methods: pMethods=0x55c254fa5e80
[DEBUG IOC_execCMD] OpExecCmd_F=0x55c254f496e0
[DEBUG IOC_execCMD] Using protocol-specific method
[DEBUG execCmd_ofProtoFifo] Entry
[DEBUG execCmd_ofProtoFifo] CmdUsageArgs: pCmdUsageArgs=0x7fdaebffedd0, CbExecCmd_F=0x55c254f35280
[DEBUG IOC_execCMD] Entry: LinkID=1029
[DEBUG IOC_execCMD] Found src link: Usage=4
[DEBUG IOC_execCMD] Checking protocol methods: pMethods=0x55c254fa5e80
[DEBUG IOC_execCMD] OpExecCmd_F=0x55c254f496e0
[DEBUG IOC_execCMD] Using protocol-specific method
[DEBUG execCmd_ofProtoFifo] Entry
[DEBUG execCmd_ofProtoFifo] CmdUsageArgs: pCmdUsageArgs=0x7fdaf15fddd0, CbExecCmd_F=0x55c254f35280
[ERROR] Failed to get LinkObj by LinkID(1025)
[ERROR] Failed to get LinkObj by LinkID(1027)
[ERROR] Failed to get LinkObj by LinkID(1029)
[       OK ] UT_ConetCommandTypical.verifyServiceAsCmdInitiator_byMultipleClients_expectOrchestration (110 ms)
[ RUN      ] UT_ConetCommandTypical.verifyServiceAsCmdInitiator_byResultAggregation_expectCompleteCollection
[INFO] Service in manual accept mode, connection will wait for manual accept
[INFO] Service in manual accept mode, connection will wait for manual accept
[INFO] Service in manual accept mode, connection will wait for manual accept
[DEBUG IOC_execCMD] Entry: LinkID=1025
[DEBUG IOC_execCMD] Found src link: Usage=4
[DEBUG IOC_execCMD] Checking protocol methods: pMethods=0x55c254fa5e80
[DEBUG IOC_execCMD] OpExecCmd_F=0x55c254f496e0
[DEBUG IOC_execCMD] Using protocol-specific method
[DEBUG execCmd_ofProtoFifo] Entry
[DEBUG execCmd_ofProtoFifo] CmdUsageArgs: pCmdUsageArgs=0x7fdaf15fddd0, CbExecCmd_F=0x55c254f35280
[DEBUG IOC_execCMD] Entry: LinkID=1027
[DEBUG IOC_execCMD] Found src link: Usage=4
[DEBUG IOC_execCMD] Checking protocol methods: pMethods=0x55c254fa5e80
[DEBUG IOC_execCMD] OpExecCmd_F=0x55c254f496e0
[DEBUG IOC_execCMD] Using protocol-specific method
[DEBUG execCmd_ofProtoFifo] Entry
[DEBUG execCmd_ofProtoFifo] CmdUsageArgs: pCmdUsageArgs=0x7fdaebffedd0, CbExecCmd_F=0x55c254f35280
[DEBUG IOC_execCMD] Entry: LinkID=1029
[DEBUG IOC_execCMD] Found src link: Usage=4
[DEBUG IOC_execCMD] Checking protocol methods: pMethods=0x55c254fa5e80
[DEBUG IOC_execCMD] OpExecCmd_F=0x55c254f496e0
[DEBUG IOC_execCMD] Using protocol-specific method
[DEBUG execCmd_ofProtoFifo] Entry
[DEBUG execCmd_ofProtoFifo] CmdUsageArgs: pCmdUsageArgs=0x7fdaeaffddd0, CbExecCmd_F=0x55c254f35280
[ERROR] Failed to get LinkObj by LinkID(1025)
[ERROR] Failed to get LinkObj by LinkID(1027)
[ERROR] Failed to get LinkObj by LinkID(1029)
[       OK ] UT_ConetCommandTypical.verifyServiceAsCmdInitiator_byResultAggregation_expectCompleteCollection (100 ms)
[----------] 7 tests from UT_ConetCommandTypical (711 ms total)

[----------] Global test environment tear-down
[==========] 7 tests from 1 test suite ran. (711 ms total)
[  PASSED  ] 7 tests.
<end of output>
Test time =   0.71 sec
----------------------------------------------------------
Test Passed.
"UT_CommandTypical" end time: Aug 31 09:10 UTC
"UT_CommandTypical" time elapsed: 00:00:00
----------------------------------------------------------

Unable to find executable: /home/runner/work/MyIOC_inTDD_withGHC/MyIOC_inTDD_withGHC/build/Test/UT_CommandTypicalAutoAccept
4/47 Testing: UT_CommandTypicalAutoAccept
4/47 Test: UT_CommandTypicalAutoAccept
Command: ""
Directory: /home/runner/work/MyIOC_inTDD_withGHC/MyIOC_inTDD_withGHC/build/Test
"UT_CommandTypicalAutoAccept" start time: 
Output:
----------------------------------------------------------
<end of output>
Test time =   0.00 sec
----------------------------------------------------------
Test Passed.
"UT_CommandTypicalAutoAccept" end time: Aug 31 09:10 UTC
"UT_CommandTypicalAutoAccept" time elapsed: 00:00:00
----------------------------------------------------------

Unable to find executable: /home/runner/work/MyIOC_inTDD_withGHC/MyIOC_inTDD_withGHC/build/Test/UT_CommandTypicalWaitAck
5/47 Testing: UT_CommandTypicalWaitAck
5/47 Test: UT_CommandTypicalWaitAck
Command: ""
Directory: /home/runner/work/MyIOC_inTDD_withGHC/MyIOC_inTDD_withGHC/build/Test
"UT_CommandTypicalWaitAck" start time: 
Output:
----------------------------------------------------------
<end of output>
Test time =   0.00 sec
----------------------------------------------------------
Test Passed.
"UT_CommandTypicalWaitAck" end time: Aug 31 09:10 UTC
"UT_CommandTypicalWaitAck" time elapsed: 00:00:00
----------------------------------------------------------

15/47 Testing: UT_ConlesEventTypical
15/47 Test: UT_ConlesEventTypical
Command: "/home/runner/work/MyIOC_inTDD_withGHC/MyIOC_inTDD_withGHC/build/Test/UT_ConlesEventTypical"
Directory: /home/runner/work/MyIOC_inTDD_withGHC/MyIOC_inTDD_withGHC/build/Test
"UT_ConlesEventTypical" start time: Aug 31 09:10 UTC
Output:
----------------------------------------------------------
Running main() from ./googletest/src/gtest_main.cc
[==========] Running 7 tests from 1 test suite.
[----------] Global test environment set-up.
[----------] 7 tests from UT_ConlesEventTypical
[ RUN      ] UT_ConlesEventTypical.Case01_verifyPostEvt1v1_byOneObjPostEvtAndAnotherObjCbProcEvt
[       OK ] UT_ConlesEventTypical.Case01_verifyPostEvt1v1_byOneObjPostEvtAndAnotherObjCbProcEvt (17 ms)
[ RUN      ] UT_ConlesEventTypical.Case02_verifyPostEvt1vN_byOneObjPostEvt_R1TwoObjCbProcEvt_R2ThreeMoreObjCbProcEvt
[       OK ] UT_ConlesEventTypical.Case02_verifyPostEvt1vN_byOneObjPostEvt_R1TwoObjCbProcEvt_R2ThreeMoreObjCbProcEvt (51 ms)
[ RUN      ] UT_ConlesEventTypical.Case03_verifyPostEvt1vN_byOneObjPostEvt_Min2MaxEvtConsumerCbProcEvt
[       OK ] UT_ConlesEventTypical.Case03_verifyPostEvt1vN_byOneObjPostEvt_Min2MaxEvtConsumerCbProcEvt (548 ms)
[ RUN      ] UT_ConlesEventTypical.Case04_verifyPostEvtNv1_byNxEvtProducerPostEvtAnd1xEvtConsumerCbProcEvt
[       OK ] UT_ConlesEventTypical.Case04_verifyPostEvtNv1_byNxEvtProducerPostEvtAnd1xEvtConsumerCbProcEvt (86 ms)
[ RUN      ] UT_ConlesEventTypical.Case05_verifyPostEvtNvM_byNxEvtProducerPostEvtAndMxEvtConsumerCbProcEvt
[       OK ] UT_ConlesEventTypical.Case05_verifyPostEvtNvM_byNxEvtProducerPostEvtAndMxEvtConsumerCbProcEvt (130 ms)
[ RUN      ] UT_ConlesEventTypical.Case06_verifyPostEvtNvM_byNxEvtProducerPostEvtAndMxEvtConsumerCbProcEvtInCrossOddEvenEvtID
[       OK ] UT_ConlesEventTypical.Case06_verifyPostEvtNvM_byNxEvtProducerPostEvtAndMxEvtConsumerCbProcEvtInCrossOddEvenEvtID (148 ms)
[ RUN      ] UT_ConlesEventTypical.Case07_verifyPostEvtInCbProcEvt_byObjAPostEvt_andObjBInCbProcEvt_postEvtToObjC
[       OK ] UT_ConlesEventTypical.Case07_verifyPostEvtInCbProcEvt_byObjAPostEvt_andObjBInCbProcEvt_postEvtToObjC (2181 ms)
[----------] 7 tests from UT_ConlesEventTypical (3163 ms total)

[----------] Global test environment tear-down
[==========] 7 tests from 1 test suite ran. (3163 ms total)
[  PASSED  ] 7 tests.
<end of output>
Test time =   3.17 sec
----------------------------------------------------------
Test Passed.
"UT_ConlesEventTypical" end time: Aug 31 09:10 UTC
"UT_ConlesEventTypical" time elapsed: 00:00:03
----------------------------------------------------------

46/47 Testing: UT_ServiceTypical
46/47 Test: UT_ServiceTypical
Command: "/home/runner/work/MyIOC_inTDD_withGHC/MyIOC_inTDD_withGHC/build/Test/UT_ServiceTypical"
Directory: /home/runner/work/MyIOC_inTDD_withGHC/MyIOC_inTDD_withGHC/build/Test
"UT_ServiceTypical" start time: Aug 31 09:10 UTC
Output:
----------------------------------------------------------
Running main() from ./googletest/src/gtest_main.cc
[==========] Running 5 tests from 1 test suite.
[----------] Global test environment set-up.
[----------] 5 tests from UT_ServiceTypical
[ RUN      ] UT_ServiceTypical.verifySingleServiceSingleClient_byPostEvtAtSrvSide
[INFO] Service in manual accept mode, connection will wait for manual accept
[ERROR] Link(1025u): failed to postEVT, Result=-502
[ERROR] Failed to get LinkObj by LinkID(1025)
[       OK ] UT_ServiceTypical.verifySingleServiceSingleClient_byPostEvtAtSrvSide (1 ms)
[ RUN      ] UT_ServiceTypical.verifySingleServiceMultiClients_byPostEvtAtSrvSide_bySubDiffEvtAtCliSide
[INFO] Service in manual accept mode, connection will wait for manual accept
[INFO] Service in manual accept mode, connection will wait for manual accept
[ERROR] Link(1025u): failed to postEVT, Result=-502
[ERROR] Link(1027u): failed to postEVT, Result=-502
[ERROR] Failed to get LinkObj by LinkID(1025)
[ERROR] Failed to get LinkObj by LinkID(1027)
[       OK ] UT_ServiceTypical.verifySingleServiceMultiClients_byPostEvtAtSrvSide_bySubDiffEvtAtCliSide (2 ms)
[ RUN      ] UT_ServiceTypical.verifyMultiServiceMultiClient_byPostEvtAtSrvSide_bySubDiffEvtAtCliSide
[INFO] Service in manual accept mode, connection will wait for manual accept
[INFO] Service in manual accept mode, connection will wait for manual accept
[INFO] Service in manual accept mode, connection will wait for manual accept
[INFO] Service in manual accept mode, connection will wait for manual accept
[ERROR] Link(1025u): failed to postEVT, Result=-502
[ERROR] Link(1027u): failed to postEVT, Result=-502
[ERROR] Link(1029u): failed to postEVT, Result=-502
[ERROR] Link(1031u): failed to postEVT, Result=-502
[ERROR] Link(1025u): failed to postEVT, Result=-502
[ERROR] Link(1027u): failed to postEVT, Result=-502
[ERROR] Link(1029u): failed to postEVT, Result=-502
[ERROR] Link(1031u): failed to postEVT, Result=-502
[ERROR] Link(1025u): failed to postEVT, Result=-502
[ERROR] Link(1027u): failed to postEVT, Result=-502
[ERROR] Link(1029u): failed to postEVT, Result=-502
[ERROR] Link(1031u): failed to postEVT, Result=-502
[ERROR] Link(1025u): failed to postEVT, Result=-502
[ERROR] Link(1027u): failed to postEVT, Result=-502
[ERROR] Link(1029u): failed to postEVT, Result=-502
[ERROR] Link(1031u): failed to postEVT, Result=-502
[ERROR] Link(1025u): failed to postEVT, Result=-502
[ERROR] Link(1027u): failed to postEVT, Result=-502
[ERROR] Link(1029u): failed to postEVT, Result=-502
[ERROR] Link(1031u): failed to postEVT, Result=-502
[ERROR] Link(1025u): failed to postEVT, Result=-502
[ERROR] Link(1027u): failed to postEVT, Result=-502
[ERROR] Link(1029u): failed to postEVT, Result=-502
[ERROR] Link(1031u): failed to postEVT, Result=-502
[ERROR] Link(1025u): failed to postEVT, Result=-502
[ERROR] Link(1027u): failed to postEVT, Result=-502
[ERROR] Link(1029u): failed to postEVT, Result=-502
[ERROR] Link(1031u): failed to postEVT, Result=-502
[ERROR] Link(1025u): failed to postEVT, Result=-502
[ERROR] Link(1027u): failed to postEVT, Result=-502
[ERROR] Link(1029u): failed to postEVT, Result=-502
[ERROR] Link(1031u): failed to postEVT, Result=-502
[ERROR] Link(1025u): failed to postEVT, Result=-502
[ERROR] Link(1027u): failed to postEVT, Result=-502
[ERROR] Link(1029u): failed to postEVT, Result=-502
[ERROR] Link(1031u): failed to postEVT, Result=-502
[ERROR] Link(1025u): failed to postEVT, Result=-502
[ERROR] Link(1027u): failed to postEVT, Result=-502
[ERROR] Link(1029u): failed to postEVT, Result=-502
[ERROR] Link(1031u): failed to postEVT, Result=-502
[ERROR] Failed to get LinkObj by LinkID(1025)
[ERROR] Failed to get LinkObj by LinkID(1029)
[ERROR] Failed to get LinkObj by LinkID(1027)
[ERROR] Failed to get LinkObj by LinkID(1031)
[       OK ] UT_ServiceTypical.verifyMultiServiceMultiClient_byPostEvtAtSrvSide_bySubDiffEvtAtCliSide (4 ms)
[ RUN      ] UT_ServiceTypical.verifyMultiServiceMultiClient_byPostEvtAtCliSide_bySubDiffEvtAtSrvSide
[INFO] Service in manual accept mode, connection will wait for manual accept
[INFO] Service in manual accept mode, connection will wait for manual accept
[INFO] Service in manual accept mode, connection will wait for manual accept
[INFO] Service in manual accept mode, connection will wait for manual accept
[ERROR] Link(1030u): failed to postEVT, Result=-502
[ERROR] Link(1032u): failed to postEVT, Result=-502
[ERROR] Link(1030u): failed to postEVT, Result=-502
[ERROR] Link(1032u): failed to postEVT, Result=-502
[ERROR] Link(1030u): failed to postEVT, Result=-502
[ERROR] Link(1032u): failed to postEVT, Result=-502
[ERROR] Link(1030u): failed to postEVT, Result=-502
[ERROR] Link(1032u): failed to postEVT, Result=-502
[ERROR] Link(1030u): failed to postEVT, Result=-502
[ERROR] Link(1032u): failed to postEVT, Result=-502
[ERROR] Link(1030u): failed to postEVT, Result=-502
[ERROR] Link(1032u): failed to postEVT, Result=-502
[ERROR] Link(1030u): failed to postEVT, Result=-502
[ERROR] Link(1032u): failed to postEVT, Result=-502
[ERROR] Link(1030u): failed to postEVT, Result=-502
[ERROR] Link(1032u): failed to postEVT, Result=-502
[ERROR] Link(1030u): failed to postEVT, Result=-502
[ERROR] Link(1032u): failed to postEVT, Result=-502
[ERROR] Failed to get LinkObj by LinkID(1025)
[ERROR] Failed to get LinkObj by LinkID(1029)
[ERROR] Failed to get LinkObj by LinkID(1027)
[ERROR] Failed to get LinkObj by LinkID(1031)
[       OK ] UT_ServiceTypical.verifyMultiServiceMultiClient_byPostEvtAtCliSide_bySubDiffEvtAtSrvSide (3 ms)
[ RUN      ] UT_ServiceTypical.verifyConsumerResubscribeEvent
[INFO] Service in manual accept mode, connection will wait for manual accept
[ERROR] Link(1025u): failed to postEVT, Result=-502
[ERROR] Failed to get LinkObj by LinkID(1025)
[       OK ] UT_ServiceTypical.verifyConsumerResubscribeEvent (2 ms)
[----------] 5 tests from UT_ServiceTypical (13 ms total)

[----------] Global test environment tear-down
[==========] 5 tests from 1 test suite ran. (13 ms total)
[  PASSED  ] 5 tests.
<end of output>
Test time =   0.02 sec
----------------------------------------------------------
Test Passed.
"UT_ServiceTypical" end time: Aug 31 09:10 UTC
"UT_ServiceTypical" time elapsed: 00:00:00
----------------------------------------------------------

End testing: Aug 31 09:10 UTC
